c:\users\luisr\desktop\project32_vs2017\lab 2\debug\project.exe
c:\users\luisr\desktop\project32_vs2017\lab 2\debug\project.ilk
c:\users\luisr\desktop\project32_vs2017\lab 2\debug\project.pdb
c:\users\luisr\desktop\project32_vs2017\lab hw1\debug\project.exe
c:\users\luisr\desktop\project32_vs2017\lab hw1\debug\project.ilk
c:\users\luisr\desktop\project32_vs2017\lab hw1\debug\project.pdb
c:\users\luisr\desktop\project32_vs2017\lab hw1\debug\addtwo.obj
c:\users\luisr\desktop\project32_vs2017\lab hw1\debug\project.tlog\link.10004.delete.1.tlog
c:\users\luisr\desktop\project32_vs2017\lab hw1\debug\project.tlog\link.10044.delete.1.tlog
c:\users\luisr\desktop\project32_vs2017\lab hw1\debug\project.tlog\link.11448.delete.1.tlog
c:\users\luisr\desktop\project32_vs2017\lab hw1\debug\project.tlog\link.11668.delete.1.tlog
c:\users\luisr\desktop\project32_vs2017\lab hw1\debug\project.tlog\link.11760.delete.1.tlog
c:\users\luisr\desktop\project32_vs2017\lab hw1\debug\project.tlog\link.11772.delete.1.tlog
c:\users\luisr\desktop\project32_vs2017\lab hw1\debug\project.tlog\link.12276.delete.1.tlog
c:\users\luisr\desktop\project32_vs2017\lab hw1\debug\project.tlog\link.12516.delete.1.tlog
c:\users\luisr\desktop\project32_vs2017\lab hw1\debug\project.tlog\link.12608.delete.1.tlog
c:\users\luisr\desktop\project32_vs2017\lab hw1\debug\project.tlog\link.12616.delete.1.tlog
c:\users\luisr\desktop\project32_vs2017\lab hw1\debug\project.tlog\link.13080.delete.1.tlog
c:\users\luisr\desktop\project32_vs2017\lab hw1\debug\project.tlog\link.13296.delete.1.tlog
c:\users\luisr\desktop\project32_vs2017\lab hw1\debug\project.tlog\link.13804.delete.1.tlog
c:\users\luisr\desktop\project32_vs2017\lab hw1\debug\project.tlog\link.14208.delete.1.tlog
c:\users\luisr\desktop\project32_vs2017\lab hw1\debug\project.tlog\link.14356.delete.1.tlog
c:\users\luisr\desktop\project32_vs2017\lab hw1\debug\project.tlog\link.14384.delete.1.tlog
c:\users\luisr\desktop\project32_vs2017\lab hw1\debug\project.tlog\link.1468.delete.1.tlog
c:\users\luisr\desktop\project32_vs2017\lab hw1\debug\project.tlog\link.14680.delete.1.tlog
c:\users\luisr\desktop\project32_vs2017\lab hw1\debug\project.tlog\link.14704.delete.1.tlog
c:\users\luisr\desktop\project32_vs2017\lab hw1\debug\project.tlog\link.14792.delete.1.tlog
c:\users\luisr\desktop\project32_vs2017\lab hw1\debug\project.tlog\link.15648.delete.1.tlog
c:\users\luisr\desktop\project32_vs2017\lab hw1\debug\project.tlog\link.15960.delete.1.tlog
c:\users\luisr\desktop\project32_vs2017\lab hw1\debug\project.tlog\link.16156.delete.1.tlog
c:\users\luisr\desktop\project32_vs2017\lab hw1\debug\project.tlog\link.16224.delete.1.tlog
c:\users\luisr\desktop\project32_vs2017\lab hw1\debug\project.tlog\link.1640.delete.1.tlog
c:\users\luisr\desktop\project32_vs2017\lab hw1\debug\project.tlog\link.16464.delete.1.tlog
c:\users\luisr\desktop\project32_vs2017\lab hw1\debug\project.tlog\link.16656.delete.1.tlog
c:\users\luisr\desktop\project32_vs2017\lab hw1\debug\project.tlog\link.16824.delete.1.tlog
c:\users\luisr\desktop\project32_vs2017\lab hw1\debug\project.tlog\link.17132.delete.1.tlog
c:\users\luisr\desktop\project32_vs2017\lab hw1\debug\project.tlog\link.17368.delete.1.tlog
c:\users\luisr\desktop\project32_vs2017\lab hw1\debug\project.tlog\link.18220.delete.1.tlog
c:\users\luisr\desktop\project32_vs2017\lab hw1\debug\project.tlog\link.18396.delete.1.tlog
c:\users\luisr\desktop\project32_vs2017\lab hw1\debug\project.tlog\link.18400.delete.1.tlog
c:\users\luisr\desktop\project32_vs2017\lab hw1\debug\project.tlog\link.18520.delete.1.tlog
c:\users\luisr\desktop\project32_vs2017\lab hw1\debug\project.tlog\link.18744.delete.1.tlog
c:\users\luisr\desktop\project32_vs2017\lab hw1\debug\project.tlog\link.18832.delete.1.tlog
c:\users\luisr\desktop\project32_vs2017\lab hw1\debug\project.tlog\link.19064.delete.1.tlog
c:\users\luisr\desktop\project32_vs2017\lab hw1\debug\project.tlog\link.19208.delete.1.tlog
c:\users\luisr\desktop\project32_vs2017\lab hw1\debug\project.tlog\link.19420.delete.1.tlog
c:\users\luisr\desktop\project32_vs2017\lab hw1\debug\project.tlog\link.19424.delete.1.tlog
c:\users\luisr\desktop\project32_vs2017\lab hw1\debug\project.tlog\link.2508.delete.1.tlog
c:\users\luisr\desktop\project32_vs2017\lab hw1\debug\project.tlog\link.3652.delete.1.tlog
c:\users\luisr\desktop\project32_vs2017\lab hw1\debug\project.tlog\link.4152.delete.1.tlog
c:\users\luisr\desktop\project32_vs2017\lab hw1\debug\project.tlog\link.4528.delete.1.tlog
c:\users\luisr\desktop\project32_vs2017\lab hw1\debug\project.tlog\link.4540.delete.1.tlog
c:\users\luisr\desktop\project32_vs2017\lab hw1\debug\project.tlog\link.4928.delete.1.tlog
c:\users\luisr\desktop\project32_vs2017\lab hw1\debug\project.tlog\link.6876.delete.1.tlog
c:\users\luisr\desktop\project32_vs2017\lab hw1\debug\project.tlog\link.7196.delete.1.tlog
c:\users\luisr\desktop\project32_vs2017\lab hw1\debug\project.tlog\link.8652.delete.1.tlog
c:\users\luisr\desktop\project32_vs2017\lab hw1\debug\project.tlog\link.9264.delete.1.tlog
c:\users\luisr\desktop\project32_vs2017\lab hw1\debug\project.tlog\link.9392.delete.1.tlog
c:\users\luisr\desktop\project32_vs2017\lab hw1\debug\project.tlog\link.9772.delete.1.tlog
c:\users\luisr\desktop\project32_vs2017\lab hw1\debug\project.tlog\link.9916.delete.1.tlog
c:\users\luisr\desktop\project32_vs2017\lab hw1\debug\project.tlog\link.9940.delete.1.tlog
c:\users\luisr\desktop\project32_vs2017\lab hw1\debug\project.tlog\link.command.1.tlog
c:\users\luisr\desktop\project32_vs2017\lab hw1\debug\project.tlog\link.delete.1.tlog
c:\users\luisr\desktop\project32_vs2017\lab hw1\debug\project.tlog\link.read.1.tlog
c:\users\luisr\desktop\project32_vs2017\lab hw1\debug\project.tlog\link.write.1.tlog
c:\users\luisr\desktop\project32_vs2017\lab hw1\debug\project.tlog\masm.read.1u.tlog
c:\users\luisr\desktop\project32_vs2017\lab hw1\debug\project.tlog\masm.write.1u.tlog
